<?xml version="1.0" encoding="UTF-8"?>
<testng-results skipped="0" failed="1" ignored="0" total="1" passed="0">
  <reporter-output>
  </reporter-output>
  <suite name="Default suite" duration-ms="13229" started-at="2021-07-02T14:55:55Z" finished-at="2021-07-02T14:56:09Z">
    <groups>
    </groups>
    <test name="Default test" duration-ms="13229" started-at="2021-07-02T14:55:55Z" finished-at="2021-07-02T14:56:09Z">
      <class name="Com.Testcases.TC_FlipcartloginPage">
        <test-method status="PASS" signature="setupsuit()[pri:0, instance:Com.Testcases.TC_FlipcartloginPage@7d9d1a19]" name="setupsuit" is-config="true" duration-ms="907" started-at="2021-07-02T14:55:54Z" finished-at="2021-07-02T14:55:55Z">
          <reporter-output>
          </reporter-output>
        </test-method> <!-- setupsuit -->
        <test-method status="PASS" signature="setup()[pri:0, instance:Com.Testcases.TC_FlipcartloginPage@7d9d1a19]" name="setup" is-config="true" duration-ms="8813" started-at="2021-07-02T14:55:55Z" finished-at="2021-07-02T14:56:04Z">
          <reporter-output>
          </reporter-output>
        </test-method> <!-- setup -->
        <test-method status="FAIL" signature="logintest()[pri:0, instance:Com.Testcases.TC_FlipcartloginPage@7d9d1a19]" name="logintest" duration-ms="4086" started-at="2021-07-02T14:56:04Z" finished-at="2021-07-02T14:56:08Z">
          <exception class="java.lang.IllegalStateException">
            <message>
              <![CDATA[Cannot get a STRING value from a NUMERIC cell]]>
            </message>
            <full-stacktrace>
              <![CDATA[java.lang.IllegalStateException: Cannot get a STRING value from a NUMERIC cell
at org.apache.poi.xssf.usermodel.XSSFCell.typeMismatch(XSSFCell.java:1077)
at org.apache.poi.xssf.usermodel.XSSFCell.getRichStringCellValue(XSSFCell.java:395)
at org.apache.poi.xssf.usermodel.XSSFCell.getStringCellValue(XSSFCell.java:347)
at Com.Utility.ExcelDataprovider.getstringData(ExcelDataprovider.java:27)
at Com.Testcases.TC_FlipcartloginPage.logintest(TC_FlipcartloginPage.java:18)
at sun.reflect.NativeMethodAccessorImpl.invoke0(Native Method)
at sun.reflect.NativeMethodAccessorImpl.invoke(Unknown Source)
at sun.reflect.DelegatingMethodAccessorImpl.invoke(Unknown Source)
at java.lang.reflect.Method.invoke(Unknown Source)
at org.testng.internal.MethodInvocationHelper.invokeMethod(MethodInvocationHelper.java:124)
at org.testng.internal.Invoker.invokeMethod(Invoker.java:583)
at org.testng.internal.Invoker.invokeTestMethod(Invoker.java:719)
at org.testng.internal.Invoker.invokeTestMethods(Invoker.java:989)
at org.testng.internal.TestMethodWorker.invokeTestMethods(TestMethodWorker.java:125)
at org.testng.internal.TestMethodWorker.run(TestMethodWorker.java:109)
at org.testng.TestRunner.privateRun(TestRunner.java:648)
at org.testng.TestRunner.run(TestRunner.java:505)
at org.testng.SuiteRunner.runTest(SuiteRunner.java:455)
at org.testng.SuiteRunner.runSequentially(SuiteRunner.java:450)
at org.testng.SuiteRunner.privateRun(SuiteRunner.java:415)
at org.testng.SuiteRunner.run(SuiteRunner.java:364)
at org.testng.SuiteRunnerWorker.runSuite(SuiteRunnerWorker.java:52)
at org.testng.SuiteRunnerWorker.run(SuiteRunnerWorker.java:84)
at org.testng.TestNG.runSuitesSequentially(TestNG.java:1208)
at org.testng.TestNG.runSuitesLocally(TestNG.java:1137)
at org.testng.TestNG.runSuites(TestNG.java:1049)
at org.testng.TestNG.run(TestNG.java:1017)
at org.testng.remote.AbstractRemoteTestNG.run(AbstractRemoteTestNG.java:114)
at org.testng.remote.RemoteTestNG.initAndRun(RemoteTestNG.java:251)
at org.testng.remote.RemoteTestNG.main(RemoteTestNG.java:77)
]]>
            </full-stacktrace>
          </exception> <!-- java.lang.IllegalStateException -->
          <reporter-output>
          </reporter-output>
        </test-method> <!-- logintest -->
        <test-method status="PASS" signature="teardownmethod(org.testng.ITestResult)[pri:0, instance:Com.Testcases.TC_FlipcartloginPage@7d9d1a19]" name="teardownmethod" is-config="true" duration-ms="278" started-at="2021-07-02T14:56:08Z" finished-at="2021-07-02T14:56:09Z">
          <params>
            <param index="0">
              <value>
                <![CDATA[[TestResult name=logintest status=FAILURE method=TC_FlipcartloginPage.logintest()[pri:0, instance:Com.Testcases.TC_FlipcartloginPage@7d9d1a19] output={null}]]]>
              </value>
            </param>
          </params>
          <reporter-output>
          </reporter-output>
        </test-method> <!-- teardownmethod -->
      </class> <!-- Com.Testcases.TC_FlipcartloginPage -->
    </test> <!-- Default test -->
  </suite> <!-- Default suite -->
</testng-results>
